<?xml version="1.0" encoding="UTF-8"?>
<!-- Generated by org.testng.reporters.JUnitXMLReporter -->
<testsuite hostname="LAPTOP-QCTG5I1M" ignored="0" name="SmokeTest" tests="2" failures="2" timestamp="23 Feb 2018 21:15:59 GMT" time="19.543" errors="0">
  <testcase name="headerNavLinksTest" time="0.256" classname="com.wbl.HomePageTest">
    <failure type="java.lang.AssertionError" message="expected [6] but found [1]">
      <![CDATA[java.lang.AssertionError: expected [6] but found [1]
	at com.wbl.HomePageTest.headerNavLinksTest(HomePageTest.java:37)
... Removed 31 stack frames]]>
    </failure>
  </testcase> <!-- headerNavLinksTest -->
  <testcase name="sliderImagesTest" time="0.253" classname="com.wbl.HomePageTest">
    <failure type="java.lang.AssertionError" message="expected [5] but found [4]">
      <![CDATA[java.lang.AssertionError: expected [5] but found [4]
	at com.wbl.HomePageTest.sliderImagesTest(HomePageTest.java:42)
... Removed 31 stack frames]]>
    </failure>
  </testcase> <!-- sliderImagesTest -->
</testsuite> <!-- SmokeTest -->
